Drill report for BaroAxel_Brain.kicad_pcb
Created on 2023-04-20 1:52:33 PM

Copper Layer Stackup:
    =============================================================
    L1 :  F.Cu                      front
    L2 :  In1.Cu                    in1
    L3 :  In2.Cu                    in2
    L4 :  B.Cu                      back


Drill file 'BaroAxel_Brain.drl' contains
    plated through holes:
    =============================================================
    T1  0.200mm  0.0079"  (166 holes)
    T2  0.300mm  0.0118"  (40 holes)
    T3  0.600mm  0.0236"  (32 holes)
    T4  0.950mm  0.0374"  (16 holes)
    T5  1.000mm  0.0394"  (2 holes)
    T6  4.300mm  0.1693"  (4 holes)

    Total plated holes count 260


Not plated through holes are merged with plated holes
    unplated through holes:
    =============================================================
    T7  0.800mm  0.0315"  (1 hole)
    T8  0.900mm  0.0354"  (2 holes)

    Total unplated holes count 3
